[14:50:24] This is prokka 1.14.6
[14:50:24] Written by Torsten Seemann <torsten.seemann@gmail.com>
[14:50:24] Homepage is https://github.com/tseemann/prokka
[14:50:24] Local time is Thu Oct 24 14:50:24 2024
[14:50:24] You are jorofino
[14:50:24] Operating system is linux
[14:50:24] You have BioPerl 1.7.8
[14:50:24] System has 28 cores.
[14:50:24] Will use maximum of 1 cores.
[14:50:24] Annotating as >>> Bacteria <<<
[14:50:24] Generating locus_tag from 'GCF_000287275.1_ASM28727v1_genomic.fna' contents.
[14:50:24] Setting --locustag HEPKDHED from MD5 1e94d1ed022c434e9f692dc04fcd94c3
[14:50:24] Creating new output folder: carsonella_rudii
[14:50:24] Running: mkdir -p carsonella_rudii
[14:50:24] Using filename prefix: carsonella_rudii.XXX
[14:50:24] Setting HMMER_NCPU=1
[14:50:24] Writing log to: carsonella_rudii/carsonella_rudii.log
[14:50:24] Command: /projectnb/bf528/admin/jorofino/project-0-nextflow/work/conda/prokka_env-20d0ca143a774a8f99d48712564402c3/bin/prokka --cpus 1 --outdir carsonella_rudii --prefix carsonella_rudii GCF_000287275.1_ASM28727v1_genomic.fna
[14:50:24] Appending to PATH: /projectnb/bf528/admin/jorofino/project-0-nextflow/work/conda/prokka_env-20d0ca143a774a8f99d48712564402c3/bin
[14:50:24] Looking for 'aragorn' - found /projectnb/bf528/admin/jorofino/project-0-nextflow/work/conda/prokka_env-20d0ca143a774a8f99d48712564402c3/bin/aragorn
[14:50:24] Determined aragorn version is 001002 from 'ARAGORN v1.2.41 Dean Laslett'
[14:50:24] Looking for 'barrnap' - found /projectnb/bf528/admin/jorofino/project-0-nextflow/work/conda/prokka_env-20d0ca143a774a8f99d48712564402c3/bin/barrnap
[14:50:24] Determined barrnap version is 000009 from 'barrnap 0.9'
[14:50:24] Looking for 'blastp' - found /projectnb/bf528/admin/jorofino/project-0-nextflow/work/conda/prokka_env-20d0ca143a774a8f99d48712564402c3/bin/blastp
[14:50:24] Determined blastp version is 002016 from 'blastp: 2.16.0+'
[14:50:24] Looking for 'cmpress' - found /projectnb/bf528/admin/jorofino/project-0-nextflow/work/conda/prokka_env-20d0ca143a774a8f99d48712564402c3/bin/cmpress
[14:50:24] Determined cmpress version is 001001 from '# INFERNAL 1.1.5 (Sep 2023)'
[14:50:24] Looking for 'cmscan' - found /projectnb/bf528/admin/jorofino/project-0-nextflow/work/conda/prokka_env-20d0ca143a774a8f99d48712564402c3/bin/cmscan
[14:50:24] Determined cmscan version is 001001 from '# INFERNAL 1.1.5 (Sep 2023)'
[14:50:24] Looking for 'egrep' - found /bin/egrep
[14:50:24] Looking for 'find' - found /bin/find
[14:50:24] Looking for 'grep' - found /bin/grep
[14:50:24] Looking for 'hmmpress' - found /projectnb/bf528/admin/jorofino/project-0-nextflow/work/conda/prokka_env-20d0ca143a774a8f99d48712564402c3/bin/hmmpress
[14:50:24] Determined hmmpress version is 003004 from '# HMMER 3.4 (Aug 2023); http://hmmer.org/'
[14:50:24] Looking for 'hmmscan' - found /projectnb/bf528/admin/jorofino/project-0-nextflow/work/conda/prokka_env-20d0ca143a774a8f99d48712564402c3/bin/hmmscan
[14:50:24] Determined hmmscan version is 003004 from '# HMMER 3.4 (Aug 2023); http://hmmer.org/'
[14:50:24] Looking for 'java' - found /projectnb/bf528/admin/jorofino/project-0-nextflow/work/conda/prokka_env-20d0ca143a774a8f99d48712564402c3/bin/java
[14:50:24] Looking for 'makeblastdb' - found /projectnb/bf528/admin/jorofino/project-0-nextflow/work/conda/prokka_env-20d0ca143a774a8f99d48712564402c3/bin/makeblastdb
[14:50:24] Determined makeblastdb version is 002016 from 'makeblastdb: 2.16.0+'
[14:50:24] Looking for 'minced' - found /projectnb/bf528/admin/jorofino/project-0-nextflow/work/conda/prokka_env-20d0ca143a774a8f99d48712564402c3/bin/minced
[14:50:24] Determined minced version is 004002 from 'minced 0.4.2'
[14:50:24] Looking for 'parallel' - found /projectnb/bf528/admin/jorofino/project-0-nextflow/work/conda/prokka_env-20d0ca143a774a8f99d48712564402c3/bin/parallel
[14:50:25] Determined parallel version is 20240722 from 'GNU parallel 20240722'
[14:50:25] Looking for 'prodigal' - found /projectnb/bf528/admin/jorofino/project-0-nextflow/work/conda/prokka_env-20d0ca143a774a8f99d48712564402c3/bin/prodigal
[14:50:25] Determined prodigal version is 002006 from 'Prodigal V2.6.3: February, 2016'
[14:50:25] Looking for 'prokka-genbank_to_fasta_db' - found /projectnb/bf528/admin/jorofino/project-0-nextflow/work/conda/prokka_env-20d0ca143a774a8f99d48712564402c3/bin/prokka-genbank_to_fasta_db
[14:50:25] Looking for 'sed' - found /bin/sed
[14:50:25] Looking for 'tbl2asn' - found /projectnb/bf528/admin/jorofino/project-0-nextflow/work/conda/prokka_env-20d0ca143a774a8f99d48712564402c3/bin/tbl2asn
[14:50:25] Determined tbl2asn version is 025007 from 'tbl2asn 25.7   arguments:'
[14:50:25] Using genetic code table 11.
[14:50:25] Loading and checking input file: GCF_000287275.1_ASM28727v1_genomic.fna
[14:50:25] Wrote 1 contigs totalling 166163 bp.
[14:50:25] Predicting tRNAs and tmRNAs
[14:50:25] Running: aragorn -l -gc11  -w carsonella_rudii\/carsonella_rudii\.fna
[14:50:25] 1 tRNA-Ile [14010,14085] 36 (gat)
[14:50:25] 2 tRNA-Glu [35314,35387] 34 (ttc)
[14:50:25] 3 tRNA-Gly [35385,35458] 34 (gcc)
[14:50:25] 4 tRNA-Ser [35458,35546] 35 (gga)
[14:50:25] 5 tRNA-Asn [38926,39000] 35 (gtt)
[14:50:25] 6 tRNA-Met c[38999,39072] 34 (cat)
[14:50:25] 7 tRNA-Val [51890,51964] 35 (tac)
[14:50:25] 8 tRNA-Asp [51968,52043] 36 (gtc)
[14:50:25] 9 tRNA-Ala [56681,56752] 34 (tgc)
[14:50:25] 10 tRNA-Phe [60224,60298] 35 (gaa)
[14:50:25] 11 tRNA-Gln [60298,60369] 33 (ttg)
[14:50:25] 12 tRNA-Thr [60374,60447] 35 (tgt)
[14:50:25] 13 tRNA-Leu [67860,67940] 34 (gag)
[14:50:25] 14 tRNA-Pro [71782,71855] 35 (tgg)
[14:50:25] 15 tRNA-Arg [71856,71929] 35 (tct)
[14:50:25] 16 tRNA-His [71932,72005] 34 (gtg)
[14:50:25] 17 tRNA-Ser [76034,76118] 35 (tga)
[14:50:25] 18 tRNA-Leu [86999,87077] 34 (tag)
[14:50:25] 19 tRNA-Met c[101615,101687] 34 (cat)
[14:50:25] 20 tRNA-Cys [104415,104485] 33 (gca)
[14:50:25] 21 tRNA-Leu [104502,104585] 35 (taa)
[14:50:25] 22 tRNA-Lys c[105356,105429] 35 (ttt)
[14:50:25] 23 tRNA-Arg c[106849,106923] 35 (acg)
[14:50:25] 24 tRNA-Ser c[106925,107007] 35 (gct)
[14:50:25] 25 tRNA-Met [124476,124550] 35 (cat)
[14:50:25] 26 tRNA-Trp c[154910,154982] 34 (cca)
[14:50:25] 27 tRNA-Gly c[154994,155064] 33 (tcc)
[14:50:25] 28 tRNA-Tyr c[155071,155151] 35 (gta)
[14:50:25] Found 28 tRNAs
[14:50:25] Predicting Ribosomal RNAs
[14:50:25] Running Barrnap with 1 threads
[14:50:25] 1 NC_018416.1 113499 23S ribosomal RNA
[14:50:25] 2 NC_018416.1 116323 16S ribosomal RNA
[14:50:25] Found 2 rRNAs
[14:50:25] Skipping ncRNA search, enable with --rfam if desired.
[14:50:25] Total of 30 tRNA + rRNA features
[14:50:25] Searching for CRISPR repeats
[14:50:25] Found 0 CRISPRs
[14:50:25] Predicting coding sequences
[14:50:25] Contigs total 166163 bp, so using single mode
[14:50:25] Running: prodigal -i carsonella_rudii\/carsonella_rudii\.fna -c -m -g 11 -p single -f sco -q
[14:50:26] Excluding CDS which overlaps existing RNA (tRNA) at NC_018416.1:35538..35831 on - strand
[14:50:26] Excluding CDS which overlaps existing RNA (tRNA) at NC_018416.1:56744..57679 on - strand
[14:50:26] Excluding CDS which overlaps existing RNA (tRNA) at NC_018416.1:64969..67860 on + strand
[14:50:26] Excluding CDS which overlaps existing RNA (tRNA) at NC_018416.1:76013..76678 on + strand
[14:50:26] Excluding CDS which overlaps existing RNA (tRNA) at NC_018416.1:86093..87019 on + strand
[14:50:26] Excluding CDS which overlaps existing RNA (tRNA) at NC_018416.1:104566..105339 on - strand
[14:50:26] Excluding CDS which overlaps existing RNA (tRNA) at NC_018416.1:105487..106884 on + strand
[14:50:26] Excluding CDS which overlaps existing RNA (tRNA) at NC_018416.1:106985..108232 on - strand
[14:50:26] Excluding CDS which overlaps existing RNA (rRNA) at NC_018416.1:114385..114606 on + strand
[14:50:26] Found 183 CDS
[14:50:26] Connecting features back to sequences
[14:50:26] Not using genus-specific database. Try --usegenus to enable it.
[14:50:26] Annotating CDS, please be patient.
[14:50:26] Will use 1 CPUs for similarity searching.
[14:50:26] There are still 183 unannotated CDS left (started with 183)
[14:50:26] Will use blast to search against /projectnb/bf528/admin/jorofino/project-0-nextflow/work/conda/prokka_env-20d0ca143a774a8f99d48712564402c3/db/kingdom/Bacteria/IS with 1 CPUs
[14:50:26] Running: cat carsonella_rudii\/carsonella_rudii\.IS\.tmp\.526813\.faa | parallel --gnu --plain -j 1 --block 25163 --recstart '>' --pipe blastp -query - -db /projectnb/bf528/admin/jorofino/project-0-nextflow/work/conda/prokka_env-20d0ca143a774a8f99d48712564402c3/db/kingdom/Bacteria/IS -evalue 1e-30 -qcov_hsp_perc 90 -num_threads 1 -num_descriptions 1 -num_alignments 1 -seg no > carsonella_rudii\/carsonella_rudii\.IS\.tmp\.526813\.blast 2> /dev/null
[14:50:29] Deleting unwanted file: carsonella_rudii/carsonella_rudii.IS.tmp.526813.faa
[14:50:29] Deleting unwanted file: carsonella_rudii/carsonella_rudii.IS.tmp.526813.blast
[14:50:29] There are still 183 unannotated CDS left (started with 183)
[14:50:29] Will use blast to search against /projectnb/bf528/admin/jorofino/project-0-nextflow/work/conda/prokka_env-20d0ca143a774a8f99d48712564402c3/db/kingdom/Bacteria/AMR with 1 CPUs
[14:50:29] Running: cat carsonella_rudii\/carsonella_rudii\.AMR\.tmp\.526813\.faa | parallel --gnu --plain -j 1 --block 25163 --recstart '>' --pipe blastp -query - -db /projectnb/bf528/admin/jorofino/project-0-nextflow/work/conda/prokka_env-20d0ca143a774a8f99d48712564402c3/db/kingdom/Bacteria/AMR -evalue 1e-300 -qcov_hsp_perc 90 -num_threads 1 -num_descriptions 1 -num_alignments 1 -seg no > carsonella_rudii\/carsonella_rudii\.AMR\.tmp\.526813\.blast 2> /dev/null
[14:50:32] Deleting unwanted file: carsonella_rudii/carsonella_rudii.AMR.tmp.526813.faa
[14:50:32] Deleting unwanted file: carsonella_rudii/carsonella_rudii.AMR.tmp.526813.blast
[14:50:32] There are still 183 unannotated CDS left (started with 183)
[14:50:32] Will use blast to search against /projectnb/bf528/admin/jorofino/project-0-nextflow/work/conda/prokka_env-20d0ca143a774a8f99d48712564402c3/db/kingdom/Bacteria/sprot with 1 CPUs
[14:50:32] Running: cat carsonella_rudii\/carsonella_rudii\.sprot\.tmp\.526813\.faa | parallel --gnu --plain -j 1 --block 25163 --recstart '>' --pipe blastp -query - -db /projectnb/bf528/admin/jorofino/project-0-nextflow/work/conda/prokka_env-20d0ca143a774a8f99d48712564402c3/db/kingdom/Bacteria/sprot -evalue 1e-09 -qcov_hsp_perc 80 -num_threads 1 -num_descriptions 1 -num_alignments 1 -seg no > carsonella_rudii\/carsonella_rudii\.sprot\.tmp\.526813\.blast 2> /dev/null
[14:50:44] Modify product: Probable ABC transporter ATP-binding protein M6_Spy0273 => putative ABC transporter ATP-binding protein
[14:50:44] Modify product: Uncharacterized RNA pseudouridine synthase Rv1540 => putative RNA pseudouridine synthase
[14:50:44] Modify product: Probable branched-chain-amino-acid aminotransferase => putative branched-chain-amino-acid aminotransferase
[14:50:44] Cleaned 3 /product names
[14:50:44] Deleting unwanted file: carsonella_rudii/carsonella_rudii.sprot.tmp.526813.faa
[14:50:44] Deleting unwanted file: carsonella_rudii/carsonella_rudii.sprot.tmp.526813.blast
[14:50:44] There are still 84 unannotated CDS left (started with 183)
[14:50:44] Will use hmmer3 to search against /projectnb/bf528/admin/jorofino/project-0-nextflow/work/conda/prokka_env-20d0ca143a774a8f99d48712564402c3/db/hmm/HAMAP.hmm with 1 CPUs
[14:50:44] Running: cat carsonella_rudii\/carsonella_rudii\.HAMAP\.hmm\.tmp\.526813\.faa | parallel --gnu --plain -j 1 --block 8459 --recstart '>' --pipe hmmscan --noali --notextw --acc -E 1e-09 --cpu 1 /projectnb/bf528/admin/jorofino/project-0-nextflow/work/conda/prokka_env-20d0ca143a774a8f99d48712564402c3/db/hmm/HAMAP.hmm /dev/stdin > carsonella_rudii\/carsonella_rudii\.HAMAP\.hmm\.tmp\.526813\.hmmer3 2> /dev/null
[14:50:47] Deleting unwanted file: carsonella_rudii/carsonella_rudii.HAMAP.hmm.tmp.526813.faa
[14:50:47] Deleting unwanted file: carsonella_rudii/carsonella_rudii.HAMAP.hmm.tmp.526813.hmmer3
[14:50:47] Labelling remaining 67 proteins as 'hypothetical protein'
[14:50:47] Possible /pseudo 'Carbamoyl-phosphate synthase small chain' at NC_018416.1 position 64428
[14:50:47] Found 112 unique /gene codes.
[14:50:47] Fixed 2 duplicate /gene - carA_1 carA_2
[14:50:47] Fixed 1 colliding /gene names.
[14:50:47] Adding /locus_tag identifiers
[14:50:47] Assigned 213 locus_tags to CDS and RNA features.
[14:50:47] Writing outputs to carsonella_rudii/
[14:50:47] Generating annotation statistics file
[14:50:47] Generating Genbank and Sequin files
[14:50:47] Running: tbl2asn -V b -a r10k -l paired-ends -M n -N 1 -y 'Annotated using prokka 1.14.6 from https://github.com/tseemann/prokka' -Z carsonella_rudii\/carsonella_rudii\.err -i carsonella_rudii\/carsonella_rudii\.fsa 2> /dev/null
[14:50:48] Deleting unwanted file: carsonella_rudii/errorsummary.val
[14:50:48] Deleting unwanted file: carsonella_rudii/carsonella_rudii.dr
[14:50:48] Deleting unwanted file: carsonella_rudii/carsonella_rudii.fixedproducts
[14:50:48] Deleting unwanted file: carsonella_rudii/carsonella_rudii.ecn
[14:50:48] Deleting unwanted file: carsonella_rudii/carsonella_rudii.val
[14:50:48] Repairing broken .GBK output that tbl2asn produces...
[14:50:48] Running: sed 's/COORDINATES: profile/COORDINATES:profile/' < carsonella_rudii\/carsonella_rudii\.gbf > carsonella_rudii\/carsonella_rudii\.gbk
[14:50:48] Deleting unwanted file: carsonella_rudii/carsonella_rudii.gbf
[14:50:48] Output files:
[14:50:48] carsonella_rudii/carsonella_rudii.sqn
[14:50:48] carsonella_rudii/carsonella_rudii.gff
[14:50:48] carsonella_rudii/carsonella_rudii.ffn
[14:50:48] carsonella_rudii/carsonella_rudii.tbl
[14:50:48] carsonella_rudii/carsonella_rudii.txt
[14:50:48] carsonella_rudii/carsonella_rudii.fna
[14:50:48] carsonella_rudii/carsonella_rudii.fsa
[14:50:48] carsonella_rudii/carsonella_rudii.err
[14:50:48] carsonella_rudii/carsonella_rudii.gbk
[14:50:48] carsonella_rudii/carsonella_rudii.faa
[14:50:48] carsonella_rudii/carsonella_rudii.tsv
[14:50:48] carsonella_rudii/carsonella_rudii.log
[14:50:48] Annotation finished successfully.
[14:50:48] Walltime used: 0.40 minutes
[14:50:48] If you use this result please cite the Prokka paper:
[14:50:48] Seemann T (2014) Prokka: rapid prokaryotic genome annotation. Bioinformatics. 30(14):2068-9.
[14:50:48] Type 'prokka --citation' for more details.
[14:50:48] Thank you, come again.
